<?xml version="1.0" encoding="UTF-8"?>
<testsuite xmlns:xsi="http://www.w3.org/2001/XMLSchema-instance" xsi:noNamespaceSchemaLocation="https://maven.apache.org/surefire/maven-surefire-plugin/xsd/surefire-test-report.xsd" name="Test" time="0.369" tests="1" errors="0" skipped="0" failures="0">
  <properties>
    <property name="java.specification.version" value="18"/>
    <property name="sun.cpu.isalist" value="amd64"/>
    <property name="sun.jnu.encoding" value="GBK"/>
    <property name="java.class.path" value="D:\Desktop\2组实习\reggie_take_out\reggie_take_out\target\test-classes;D:\Desktop\2组实习\reggie_take_out\reggie_take_out\target\classes;D:\Program files\maven-repository\com\aliyun\aliyun-java-sdk-core\4.5.16\aliyun-java-sdk-core-4.5.16.jar;D:\Program files\maven-repository\com\google\code\gson\gson\2.9.0\gson-2.9.0.jar;D:\Program files\maven-repository\org\apache\httpcomponents\httpclient\4.5.13\httpclient-4.5.13.jar;D:\Program files\maven-repository\commons-codec\commons-codec\1.15\commons-codec-1.15.jar;D:\Program files\maven-repository\org\apache\httpcomponents\httpcore\4.4.15\httpcore-4.4.15.jar;D:\Program files\maven-repository\commons-logging\commons-logging\1.2\commons-logging-1.2.jar;D:\Program files\maven-repository\javax\xml\bind\jaxb-api\2.3.1\jaxb-api-2.3.1.jar;D:\Program files\maven-repository\javax\activation\javax.activation-api\1.2.0\javax.activation-api-1.2.0.jar;D:\Program files\maven-repository\org\jacoco\org.jacoco.agent\0.8.6\org.jacoco.agent-0.8.6-runtime.jar;D:\Program files\maven-repository\org\ini4j\ini4j\0.5.4\ini4j-0.5.4.jar;D:\Program files\maven-repository\org\slf4j\slf4j-api\1.7.36\slf4j-api-1.7.36.jar;D:\Program files\maven-repository\io\opentracing\opentracing-api\0.33.0\opentracing-api-0.33.0.jar;D:\Program files\maven-repository\io\opentracing\opentracing-util\0.33.0\opentracing-util-0.33.0.jar;D:\Program files\maven-repository\io\opentracing\opentracing-noop\0.33.0\opentracing-noop-0.33.0.jar;D:\Program files\maven-repository\com\tencentcloudapi\tencentcloud-sdk-java\3.1.423\tencentcloud-sdk-java-3.1.423.jar;D:\Program files\maven-repository\com\squareup\okio\okio\1.12.0\okio-1.12.0.jar;D:\Program files\maven-repository\com\squareup\okhttp\okhttp\2.7.5\okhttp-2.7.5.jar;D:\Program files\maven-repository\com\squareup\okhttp\logging-interceptor\2.7.5\logging-interceptor-2.7.5.jar;D:\Program files\maven-repository\com\aliyun\aliyun-java-sdk-dysmsapi\2.1.0\aliyun-java-sdk-dysmsapi-2.1.0.jar;D:\Program files\maven-repository\org\springframework\boot\spring-boot-starter-data-redis\2.7.2\spring-boot-starter-data-redis-2.7.2.jar;D:\Program files\maven-repository\org\springframework\data\spring-data-redis\2.7.2\spring-data-redis-2.7.2.jar;D:\Program files\maven-repository\org\springframework\data\spring-data-keyvalue\2.7.2\spring-data-keyvalue-2.7.2.jar;D:\Program files\maven-repository\org\springframework\data\spring-data-commons\2.7.2\spring-data-commons-2.7.2.jar;D:\Program files\maven-repository\org\springframework\spring-tx\5.3.22\spring-tx-5.3.22.jar;D:\Program files\maven-repository\org\springframework\spring-oxm\5.3.22\spring-oxm-5.3.22.jar;D:\Program files\maven-repository\org\springframework\spring-aop\5.3.22\spring-aop-5.3.22.jar;D:\Program files\maven-repository\io\lettuce\lettuce-core\6.1.9.RELEASE\lettuce-core-6.1.9.RELEASE.jar;D:\Program files\maven-repository\io\netty\netty-common\4.1.79.Final\netty-common-4.1.79.Final.jar;D:\Program files\maven-repository\io\netty\netty-handler\4.1.79.Final\netty-handler-4.1.79.Final.jar;D:\Program files\maven-repository\io\netty\netty-resolver\4.1.79.Final\netty-resolver-4.1.79.Final.jar;D:\Program files\maven-repository\io\netty\netty-buffer\4.1.79.Final\netty-buffer-4.1.79.Final.jar;D:\Program files\maven-repository\io\netty\netty-transport-native-unix-common\4.1.79.Final\netty-transport-native-unix-common-4.1.79.Final.jar;D:\Program files\maven-repository\io\netty\netty-codec\4.1.79.Final\netty-codec-4.1.79.Final.jar;D:\Program files\maven-repository\io\netty\netty-transport\4.1.79.Final\netty-transport-4.1.79.Final.jar;D:\Program files\maven-repository\io\projectreactor\reactor-core\3.4.21\reactor-core-3.4.21.jar;D:\Program files\maven-repository\org\reactivestreams\reactive-streams\1.0.4\reactive-streams-1.0.4.jar;D:\Program files\maven-repository\org\springframework\boot\spring-boot-starter-cache\2.7.2\spring-boot-starter-cache-2.7.2.jar;D:\Program files\maven-repository\org\springframework\spring-context-support\5.3.22\spring-context-support-5.3.22.jar;D:\Program files\maven-repository\org\springframework\spring-beans\5.3.22\spring-beans-5.3.22.jar;D:\Program files\maven-repository\org\springframework\spring-context\5.3.22\spring-context-5.3.22.jar;D:\Program files\maven-repository\org\springframework\boot\spring-boot-starter\2.7.2\spring-boot-starter-2.7.2.jar;D:\Program files\maven-repository\org\springframework\boot\spring-boot\2.7.2\spring-boot-2.7.2.jar;D:\Program files\maven-repository\org\springframework\boot\spring-boot-autoconfigure\2.7.2\spring-boot-autoconfigure-2.7.2.jar;D:\Program files\maven-repository\org\springframework\boot\spring-boot-starter-logging\2.7.2\spring-boot-starter-logging-2.7.2.jar;D:\Program files\maven-repository\ch\qos\logback\logback-classic\1.2.11\logback-classic-1.2.11.jar;D:\Program files\maven-repository\ch\qos\logback\logback-core\1.2.11\logback-core-1.2.11.jar;D:\Program files\maven-repository\org\apache\logging\log4j\log4j-to-slf4j\2.17.2\log4j-to-slf4j-2.17.2.jar;D:\Program files\maven-repository\org\apache\logging\log4j\log4j-api\2.17.2\log4j-api-2.17.2.jar;D:\Program files\maven-repository\org\slf4j\jul-to-slf4j\1.7.36\jul-to-slf4j-1.7.36.jar;D:\Program files\maven-repository\jakarta\annotation\jakarta.annotation-api\1.3.5\jakarta.annotation-api-1.3.5.jar;D:\Program files\maven-repository\org\springframework\spring-core\5.3.22\spring-core-5.3.22.jar;D:\Program files\maven-repository\org\springframework\spring-jcl\5.3.22\spring-jcl-5.3.22.jar;D:\Program files\maven-repository\org\yaml\snakeyaml\1.30\snakeyaml-1.30.jar;D:\Program files\maven-repository\org\springframework\boot\spring-boot-starter-test\2.7.2\spring-boot-starter-test-2.7.2.jar;D:\Program files\maven-repository\org\springframework\boot\spring-boot-test\2.7.2\spring-boot-test-2.7.2.jar;D:\Program files\maven-repository\org\springframework\boot\spring-boot-test-autoconfigure\2.7.2\spring-boot-test-autoconfigure-2.7.2.jar;D:\Program files\maven-repository\com\jayway\jsonpath\json-path\2.7.0\json-path-2.7.0.jar;D:\Program files\maven-repository\net\minidev\json-smart\2.4.8\json-smart-2.4.8.jar;D:\Program files\maven-repository\net\minidev\accessors-smart\2.4.8\accessors-smart-2.4.8.jar;D:\Program files\maven-repository\org\ow2\asm\asm\9.1\asm-9.1.jar;D:\Program files\maven-repository\jakarta\xml\bind\jakarta.xml.bind-api\2.3.3\jakarta.xml.bind-api-2.3.3.jar;D:\Program files\maven-repository\jakarta\activation\jakarta.activation-api\1.2.2\jakarta.activation-api-1.2.2.jar;D:\Program files\maven-repository\org\assertj\assertj-core\3.22.0\assertj-core-3.22.0.jar;D:\Program files\maven-repository\org\hamcrest\hamcrest\2.2\hamcrest-2.2.jar;D:\Program files\maven-repository\org\junit\jupiter\junit-jupiter\5.8.2\junit-jupiter-5.8.2.jar;D:\Program files\maven-repository\org\junit\jupiter\junit-jupiter-api\5.8.2\junit-jupiter-api-5.8.2.jar;D:\Program files\maven-repository\org\opentest4j\opentest4j\1.2.0\opentest4j-1.2.0.jar;D:\Program files\maven-repository\org\junit\platform\junit-platform-commons\1.8.2\junit-platform-commons-1.8.2.jar;D:\Program files\maven-repository\org\apiguardian\apiguardian-api\1.1.2\apiguardian-api-1.1.2.jar;D:\Program files\maven-repository\org\junit\jupiter\junit-jupiter-params\5.8.2\junit-jupiter-params-5.8.2.jar;D:\Program files\maven-repository\org\junit\jupiter\junit-jupiter-engine\5.8.2\junit-jupiter-engine-5.8.2.jar;D:\Program files\maven-repository\org\junit\platform\junit-platform-engine\1.8.2\junit-platform-engine-1.8.2.jar;D:\Program files\maven-repository\org\mockito\mockito-core\4.5.1\mockito-core-4.5.1.jar;D:\Program files\maven-repository\net\bytebuddy\byte-buddy\1.12.12\byte-buddy-1.12.12.jar;D:\Program files\maven-repository\net\bytebuddy\byte-buddy-agent\1.12.12\byte-buddy-agent-1.12.12.jar;D:\Program files\maven-repository\org\objenesis\objenesis\3.2\objenesis-3.2.jar;D:\Program files\maven-repository\org\mockito\mockito-junit-jupiter\4.5.1\mockito-junit-jupiter-4.5.1.jar;D:\Program files\maven-repository\org\skyscreamer\jsonassert\1.5.1\jsonassert-1.5.1.jar;D:\Program files\maven-repository\com\vaadin\external\google\android-json\0.0.20131108.vaadin1\android-json-0.0.20131108.vaadin1.jar;D:\Program files\maven-repository\org\springframework\spring-test\5.3.22\spring-test-5.3.22.jar;D:\Program files\maven-repository\org\xmlunit\xmlunit-core\2.9.0\xmlunit-core-2.9.0.jar;D:\Program files\maven-repository\org\springframework\boot\spring-boot-starter-web\2.7.2\spring-boot-starter-web-2.7.2.jar;D:\Program files\maven-repository\org\springframework\boot\spring-boot-starter-json\2.7.2\spring-boot-starter-json-2.7.2.jar;D:\Program files\maven-repository\com\fasterxml\jackson\core\jackson-databind\2.13.3\jackson-databind-2.13.3.jar;D:\Program files\maven-repository\com\fasterxml\jackson\core\jackson-annotations\2.13.3\jackson-annotations-2.13.3.jar;D:\Program files\maven-repository\com\fasterxml\jackson\core\jackson-core\2.13.3\jackson-core-2.13.3.jar;D:\Program files\maven-repository\com\fasterxml\jackson\datatype\jackson-datatype-jdk8\2.13.3\jackson-datatype-jdk8-2.13.3.jar;D:\Program files\maven-repository\com\fasterxml\jackson\datatype\jackson-datatype-jsr310\2.13.3\jackson-datatype-jsr310-2.13.3.jar;D:\Program files\maven-repository\com\fasterxml\jackson\module\jackson-module-parameter-names\2.13.3\jackson-module-parameter-names-2.13.3.jar;D:\Program files\maven-repository\org\springframework\boot\spring-boot-starter-tomcat\2.7.2\spring-boot-starter-tomcat-2.7.2.jar;D:\Program files\maven-repository\org\apache\tomcat\embed\tomcat-embed-core\9.0.65\tomcat-embed-core-9.0.65.jar;D:\Program files\maven-repository\org\apache\tomcat\embed\tomcat-embed-el\9.0.65\tomcat-embed-el-9.0.65.jar;D:\Program files\maven-repository\org\apache\tomcat\embed\tomcat-embed-websocket\9.0.65\tomcat-embed-websocket-9.0.65.jar;D:\Program files\maven-repository\org\springframework\spring-web\5.3.22\spring-web-5.3.22.jar;D:\Program files\maven-repository\org\springframework\spring-webmvc\5.3.22\spring-webmvc-5.3.22.jar;D:\Program files\maven-repository\org\springframework\spring-expression\5.3.22\spring-expression-5.3.22.jar;D:\Program files\maven-repository\com\baomidou\mybatis-plus-boot-starter\3.4.2\mybatis-plus-boot-starter-3.4.2.jar;D:\Program files\maven-repository\com\baomidou\mybatis-plus\3.4.2\mybatis-plus-3.4.2.jar;D:\Program files\maven-repository\com\baomidou\mybatis-plus-extension\3.4.2\mybatis-plus-extension-3.4.2.jar;D:\Program files\maven-repository\com\baomidou\mybatis-plus-core\3.4.2\mybatis-plus-core-3.4.2.jar;D:\Program files\maven-repository\com\baomidou\mybatis-plus-annotation\3.4.2\mybatis-plus-annotation-3.4.2.jar;D:\Program files\maven-repository\com\github\jsqlparser\jsqlparser\4.0\jsqlparser-4.0.jar;D:\Program files\maven-repository\org\mybatis\mybatis\3.5.6\mybatis-3.5.6.jar;D:\Program files\maven-repository\org\mybatis\mybatis-spring\2.0.5\mybatis-spring-2.0.5.jar;D:\Program files\maven-repository\org\springframework\boot\spring-boot-starter-jdbc\2.7.2\spring-boot-starter-jdbc-2.7.2.jar;D:\Program files\maven-repository\com\zaxxer\HikariCP\4.0.3\HikariCP-4.0.3.jar;D:\Program files\maven-repository\org\springframework\spring-jdbc\5.3.22\spring-jdbc-5.3.22.jar;D:\Program files\maven-repository\org\projectlombok\lombok\1.18.20\lombok-1.18.20.jar;D:\Program files\maven-repository\com\alibaba\fastjson\1.2.76\fastjson-1.2.76.jar;D:\Program files\maven-repository\commons-lang\commons-lang\2.6\commons-lang-2.6.jar;D:\Program files\maven-repository\mysql\mysql-connector-java\8.0.29\mysql-connector-java-8.0.29.jar;D:\Program files\maven-repository\com\alibaba\druid-spring-boot-starter\1.1.23\druid-spring-boot-starter-1.1.23.jar;D:\Program files\maven-repository\com\alibaba\druid\1.1.23\druid-1.1.23.jar;"/>
    <property name="java.vm.vendor" value="Oracle Corporation"/>
    <property name="sun.arch.data.model" value="64"/>
    <property name="user.variant" value=""/>
    <property name="java.vendor.url" value="https://java.oracle.com/"/>
    <property name="user.timezone" value="Asia/Shanghai"/>
    <property name="os.name" value="Windows 11"/>
    <property name="java.vm.specification.version" value="18"/>
    <property name="sun.java.launcher" value="SUN_STANDARD"/>
    <property name="user.country" value="CN"/>
    <property name="sun.boot.library.path" value="D:\JAVA\bin"/>
    <property name="sun.java.command" value="C:\Users\16892\AppData\Local\Temp\surefire6567536852151427182\surefirebooter8760573388722294783.jar C:\Users\16892\AppData\Local\Temp\surefire6567536852151427182 2023-11-13T14-48-25_665-jvmRun1 surefire13176831260661664160tmp surefire_05754439562521073412tmp"/>
    <property name="jdk.debug" value="release"/>
    <property name="surefire.test.class.path" value="D:\Desktop\2组实习\reggie_take_out\reggie_take_out\target\test-classes;D:\Desktop\2组实习\reggie_take_out\reggie_take_out\target\classes;D:\Program files\maven-repository\com\aliyun\aliyun-java-sdk-core\4.5.16\aliyun-java-sdk-core-4.5.16.jar;D:\Program files\maven-repository\com\google\code\gson\gson\2.9.0\gson-2.9.0.jar;D:\Program files\maven-repository\org\apache\httpcomponents\httpclient\4.5.13\httpclient-4.5.13.jar;D:\Program files\maven-repository\commons-codec\commons-codec\1.15\commons-codec-1.15.jar;D:\Program files\maven-repository\org\apache\httpcomponents\httpcore\4.4.15\httpcore-4.4.15.jar;D:\Program files\maven-repository\commons-logging\commons-logging\1.2\commons-logging-1.2.jar;D:\Program files\maven-repository\javax\xml\bind\jaxb-api\2.3.1\jaxb-api-2.3.1.jar;D:\Program files\maven-repository\javax\activation\javax.activation-api\1.2.0\javax.activation-api-1.2.0.jar;D:\Program files\maven-repository\org\jacoco\org.jacoco.agent\0.8.6\org.jacoco.agent-0.8.6-runtime.jar;D:\Program files\maven-repository\org\ini4j\ini4j\0.5.4\ini4j-0.5.4.jar;D:\Program files\maven-repository\org\slf4j\slf4j-api\1.7.36\slf4j-api-1.7.36.jar;D:\Program files\maven-repository\io\opentracing\opentracing-api\0.33.0\opentracing-api-0.33.0.jar;D:\Program files\maven-repository\io\opentracing\opentracing-util\0.33.0\opentracing-util-0.33.0.jar;D:\Program files\maven-repository\io\opentracing\opentracing-noop\0.33.0\opentracing-noop-0.33.0.jar;D:\Program files\maven-repository\com\tencentcloudapi\tencentcloud-sdk-java\3.1.423\tencentcloud-sdk-java-3.1.423.jar;D:\Program files\maven-repository\com\squareup\okio\okio\1.12.0\okio-1.12.0.jar;D:\Program files\maven-repository\com\squareup\okhttp\okhttp\2.7.5\okhttp-2.7.5.jar;D:\Program files\maven-repository\com\squareup\okhttp\logging-interceptor\2.7.5\logging-interceptor-2.7.5.jar;D:\Program files\maven-repository\com\aliyun\aliyun-java-sdk-dysmsapi\2.1.0\aliyun-java-sdk-dysmsapi-2.1.0.jar;D:\Program files\maven-repository\org\springframework\boot\spring-boot-starter-data-redis\2.7.2\spring-boot-starter-data-redis-2.7.2.jar;D:\Program files\maven-repository\org\springframework\data\spring-data-redis\2.7.2\spring-data-redis-2.7.2.jar;D:\Program files\maven-repository\org\springframework\data\spring-data-keyvalue\2.7.2\spring-data-keyvalue-2.7.2.jar;D:\Program files\maven-repository\org\springframework\data\spring-data-commons\2.7.2\spring-data-commons-2.7.2.jar;D:\Program files\maven-repository\org\springframework\spring-tx\5.3.22\spring-tx-5.3.22.jar;D:\Program files\maven-repository\org\springframework\spring-oxm\5.3.22\spring-oxm-5.3.22.jar;D:\Program files\maven-repository\org\springframework\spring-aop\5.3.22\spring-aop-5.3.22.jar;D:\Program files\maven-repository\io\lettuce\lettuce-core\6.1.9.RELEASE\lettuce-core-6.1.9.RELEASE.jar;D:\Program files\maven-repository\io\netty\netty-common\4.1.79.Final\netty-common-4.1.79.Final.jar;D:\Program files\maven-repository\io\netty\netty-handler\4.1.79.Final\netty-handler-4.1.79.Final.jar;D:\Program files\maven-repository\io\netty\netty-resolver\4.1.79.Final\netty-resolver-4.1.79.Final.jar;D:\Program files\maven-repository\io\netty\netty-buffer\4.1.79.Final\netty-buffer-4.1.79.Final.jar;D:\Program files\maven-repository\io\netty\netty-transport-native-unix-common\4.1.79.Final\netty-transport-native-unix-common-4.1.79.Final.jar;D:\Program files\maven-repository\io\netty\netty-codec\4.1.79.Final\netty-codec-4.1.79.Final.jar;D:\Program files\maven-repository\io\netty\netty-transport\4.1.79.Final\netty-transport-4.1.79.Final.jar;D:\Program files\maven-repository\io\projectreactor\reactor-core\3.4.21\reactor-core-3.4.21.jar;D:\Program files\maven-repository\org\reactivestreams\reactive-streams\1.0.4\reactive-streams-1.0.4.jar;D:\Program files\maven-repository\org\springframework\boot\spring-boot-starter-cache\2.7.2\spring-boot-starter-cache-2.7.2.jar;D:\Program files\maven-repository\org\springframework\spring-context-support\5.3.22\spring-context-support-5.3.22.jar;D:\Program files\maven-repository\org\springframework\spring-beans\5.3.22\spring-beans-5.3.22.jar;D:\Program files\maven-repository\org\springframework\spring-context\5.3.22\spring-context-5.3.22.jar;D:\Program files\maven-repository\org\springframework\boot\spring-boot-starter\2.7.2\spring-boot-starter-2.7.2.jar;D:\Program files\maven-repository\org\springframework\boot\spring-boot\2.7.2\spring-boot-2.7.2.jar;D:\Program files\maven-repository\org\springframework\boot\spring-boot-autoconfigure\2.7.2\spring-boot-autoconfigure-2.7.2.jar;D:\Program files\maven-repository\org\springframework\boot\spring-boot-starter-logging\2.7.2\spring-boot-starter-logging-2.7.2.jar;D:\Program files\maven-repository\ch\qos\logback\logback-classic\1.2.11\logback-classic-1.2.11.jar;D:\Program files\maven-repository\ch\qos\logback\logback-core\1.2.11\logback-core-1.2.11.jar;D:\Program files\maven-repository\org\apache\logging\log4j\log4j-to-slf4j\2.17.2\log4j-to-slf4j-2.17.2.jar;D:\Program files\maven-repository\org\apache\logging\log4j\log4j-api\2.17.2\log4j-api-2.17.2.jar;D:\Program files\maven-repository\org\slf4j\jul-to-slf4j\1.7.36\jul-to-slf4j-1.7.36.jar;D:\Program files\maven-repository\jakarta\annotation\jakarta.annotation-api\1.3.5\jakarta.annotation-api-1.3.5.jar;D:\Program files\maven-repository\org\springframework\spring-core\5.3.22\spring-core-5.3.22.jar;D:\Program files\maven-repository\org\springframework\spring-jcl\5.3.22\spring-jcl-5.3.22.jar;D:\Program files\maven-repository\org\yaml\snakeyaml\1.30\snakeyaml-1.30.jar;D:\Program files\maven-repository\org\springframework\boot\spring-boot-starter-test\2.7.2\spring-boot-starter-test-2.7.2.jar;D:\Program files\maven-repository\org\springframework\boot\spring-boot-test\2.7.2\spring-boot-test-2.7.2.jar;D:\Program files\maven-repository\org\springframework\boot\spring-boot-test-autoconfigure\2.7.2\spring-boot-test-autoconfigure-2.7.2.jar;D:\Program files\maven-repository\com\jayway\jsonpath\json-path\2.7.0\json-path-2.7.0.jar;D:\Program files\maven-repository\net\minidev\json-smart\2.4.8\json-smart-2.4.8.jar;D:\Program files\maven-repository\net\minidev\accessors-smart\2.4.8\accessors-smart-2.4.8.jar;D:\Program files\maven-repository\org\ow2\asm\asm\9.1\asm-9.1.jar;D:\Program files\maven-repository\jakarta\xml\bind\jakarta.xml.bind-api\2.3.3\jakarta.xml.bind-api-2.3.3.jar;D:\Program files\maven-repository\jakarta\activation\jakarta.activation-api\1.2.2\jakarta.activation-api-1.2.2.jar;D:\Program files\maven-repository\org\assertj\assertj-core\3.22.0\assertj-core-3.22.0.jar;D:\Program files\maven-repository\org\hamcrest\hamcrest\2.2\hamcrest-2.2.jar;D:\Program files\maven-repository\org\junit\jupiter\junit-jupiter\5.8.2\junit-jupiter-5.8.2.jar;D:\Program files\maven-repository\org\junit\jupiter\junit-jupiter-api\5.8.2\junit-jupiter-api-5.8.2.jar;D:\Program files\maven-repository\org\opentest4j\opentest4j\1.2.0\opentest4j-1.2.0.jar;D:\Program files\maven-repository\org\junit\platform\junit-platform-commons\1.8.2\junit-platform-commons-1.8.2.jar;D:\Program files\maven-repository\org\apiguardian\apiguardian-api\1.1.2\apiguardian-api-1.1.2.jar;D:\Program files\maven-repository\org\junit\jupiter\junit-jupiter-params\5.8.2\junit-jupiter-params-5.8.2.jar;D:\Program files\maven-repository\org\junit\jupiter\junit-jupiter-engine\5.8.2\junit-jupiter-engine-5.8.2.jar;D:\Program files\maven-repository\org\junit\platform\junit-platform-engine\1.8.2\junit-platform-engine-1.8.2.jar;D:\Program files\maven-repository\org\mockito\mockito-core\4.5.1\mockito-core-4.5.1.jar;D:\Program files\maven-repository\net\bytebuddy\byte-buddy\1.12.12\byte-buddy-1.12.12.jar;D:\Program files\maven-repository\net\bytebuddy\byte-buddy-agent\1.12.12\byte-buddy-agent-1.12.12.jar;D:\Program files\maven-repository\org\objenesis\objenesis\3.2\objenesis-3.2.jar;D:\Program files\maven-repository\org\mockito\mockito-junit-jupiter\4.5.1\mockito-junit-jupiter-4.5.1.jar;D:\Program files\maven-repository\org\skyscreamer\jsonassert\1.5.1\jsonassert-1.5.1.jar;D:\Program files\maven-repository\com\vaadin\external\google\android-json\0.0.20131108.vaadin1\android-json-0.0.20131108.vaadin1.jar;D:\Program files\maven-repository\org\springframework\spring-test\5.3.22\spring-test-5.3.22.jar;D:\Program files\maven-repository\org\xmlunit\xmlunit-core\2.9.0\xmlunit-core-2.9.0.jar;D:\Program files\maven-repository\org\springframework\boot\spring-boot-starter-web\2.7.2\spring-boot-starter-web-2.7.2.jar;D:\Program files\maven-repository\org\springframework\boot\spring-boot-starter-json\2.7.2\spring-boot-starter-json-2.7.2.jar;D:\Program files\maven-repository\com\fasterxml\jackson\core\jackson-databind\2.13.3\jackson-databind-2.13.3.jar;D:\Program files\maven-repository\com\fasterxml\jackson\core\jackson-annotations\2.13.3\jackson-annotations-2.13.3.jar;D:\Program files\maven-repository\com\fasterxml\jackson\core\jackson-core\2.13.3\jackson-core-2.13.3.jar;D:\Program files\maven-repository\com\fasterxml\jackson\datatype\jackson-datatype-jdk8\2.13.3\jackson-datatype-jdk8-2.13.3.jar;D:\Program files\maven-repository\com\fasterxml\jackson\datatype\jackson-datatype-jsr310\2.13.3\jackson-datatype-jsr310-2.13.3.jar;D:\Program files\maven-repository\com\fasterxml\jackson\module\jackson-module-parameter-names\2.13.3\jackson-module-parameter-names-2.13.3.jar;D:\Program files\maven-repository\org\springframework\boot\spring-boot-starter-tomcat\2.7.2\spring-boot-starter-tomcat-2.7.2.jar;D:\Program files\maven-repository\org\apache\tomcat\embed\tomcat-embed-core\9.0.65\tomcat-embed-core-9.0.65.jar;D:\Program files\maven-repository\org\apache\tomcat\embed\tomcat-embed-el\9.0.65\tomcat-embed-el-9.0.65.jar;D:\Program files\maven-repository\org\apache\tomcat\embed\tomcat-embed-websocket\9.0.65\tomcat-embed-websocket-9.0.65.jar;D:\Program files\maven-repository\org\springframework\spring-web\5.3.22\spring-web-5.3.22.jar;D:\Program files\maven-repository\org\springframework\spring-webmvc\5.3.22\spring-webmvc-5.3.22.jar;D:\Program files\maven-repository\org\springframework\spring-expression\5.3.22\spring-expression-5.3.22.jar;D:\Program files\maven-repository\com\baomidou\mybatis-plus-boot-starter\3.4.2\mybatis-plus-boot-starter-3.4.2.jar;D:\Program files\maven-repository\com\baomidou\mybatis-plus\3.4.2\mybatis-plus-3.4.2.jar;D:\Program files\maven-repository\com\baomidou\mybatis-plus-extension\3.4.2\mybatis-plus-extension-3.4.2.jar;D:\Program files\maven-repository\com\baomidou\mybatis-plus-core\3.4.2\mybatis-plus-core-3.4.2.jar;D:\Program files\maven-repository\com\baomidou\mybatis-plus-annotation\3.4.2\mybatis-plus-annotation-3.4.2.jar;D:\Program files\maven-repository\com\github\jsqlparser\jsqlparser\4.0\jsqlparser-4.0.jar;D:\Program files\maven-repository\org\mybatis\mybatis\3.5.6\mybatis-3.5.6.jar;D:\Program files\maven-repository\org\mybatis\mybatis-spring\2.0.5\mybatis-spring-2.0.5.jar;D:\Program files\maven-repository\org\springframework\boot\spring-boot-starter-jdbc\2.7.2\spring-boot-starter-jdbc-2.7.2.jar;D:\Program files\maven-repository\com\zaxxer\HikariCP\4.0.3\HikariCP-4.0.3.jar;D:\Program files\maven-repository\org\springframework\spring-jdbc\5.3.22\spring-jdbc-5.3.22.jar;D:\Program files\maven-repository\org\projectlombok\lombok\1.18.20\lombok-1.18.20.jar;D:\Program files\maven-repository\com\alibaba\fastjson\1.2.76\fastjson-1.2.76.jar;D:\Program files\maven-repository\commons-lang\commons-lang\2.6\commons-lang-2.6.jar;D:\Program files\maven-repository\mysql\mysql-connector-java\8.0.29\mysql-connector-java-8.0.29.jar;D:\Program files\maven-repository\com\alibaba\druid-spring-boot-starter\1.1.23\druid-spring-boot-starter-1.1.23.jar;D:\Program files\maven-repository\com\alibaba\druid\1.1.23\druid-1.1.23.jar;"/>
    <property name="sun.cpu.endian" value="little"/>
    <property name="user.home" value="C:\Users\16892"/>
    <property name="user.language" value="zh"/>
    <property name="java.specification.vendor" value="Oracle Corporation"/>
    <property name="java.version.date" value="2022-08-18"/>
    <property name="java.home" value="D:\JAVA"/>
    <property name="file.separator" value="\"/>
    <property name="basedir" value="D:\Desktop\2组实习\reggie_take_out\reggie_take_out"/>
    <property name="java.vm.compressedOopsMode" value="Zero based"/>
    <property name="line.separator" value="&#10;"/>
    <property name="java.vm.specification.vendor" value="Oracle Corporation"/>
    <property name="java.specification.name" value="Java Platform API Specification"/>
    <property name="surefire.real.class.path" value="C:\Users\16892\AppData\Local\Temp\surefire6567536852151427182\surefirebooter8760573388722294783.jar"/>
    <property name="user.script" value=""/>
    <property name="sun.management.compiler" value="HotSpot 64-Bit Tiered Compilers"/>
    <property name="java.runtime.version" value="18.0.2.1+1-1"/>
    <property name="user.name" value="16892"/>
    <property name="path.separator" value=";"/>
    <property name="os.version" value="10.0"/>
    <property name="java.runtime.name" value="Java(TM) SE Runtime Environment"/>
    <property name="file.encoding" value="UTF-8"/>
    <property name="java.vm.name" value="Java HotSpot(TM) 64-Bit Server VM"/>
    <property name="localRepository" value="D:\Program files\maven-repository"/>
    <property name="java.vendor.url.bug" value="https://bugreport.java.com/bugreport/"/>
    <property name="java.io.tmpdir" value="C:\Users\16892\AppData\Local\Temp\"/>
    <property name="idea.version" value="2021.2.1"/>
    <property name="java.version" value="18.0.2.1"/>
    <property name="user.dir" value="D:\Desktop\2组实习\reggie_take_out\reggie_take_out"/>
    <property name="os.arch" value="amd64"/>
    <property name="java.vm.specification.name" value="Java Virtual Machine Specification"/>
    <property name="sun.os.patch.level" value=""/>
    <property name="native.encoding" value="GBK"/>
    <property name="java.library.path" value="D:\JAVA\bin;C:\WINDOWS\Sun\Java\bin;C:\WINDOWS\system32;C:\WINDOWS;D:\QQ\Bin;D:\VM\bin\;D:\Program files\apache-maven-3.9.0\bin;C:\WINDOWS\system32;C:\WINDOWS;C:\WINDOWS\System32\Wbem;C:\WINDOWS\System32\WindowsPowerShell\v1.0\;C:\WINDOWS\System32\OpenSSH\;D:\Program files\jdk\jdk1.8.0_261\bin;%D:\Program files\mysql-8.0.11-winx64\bin;D:\Program files\apache-tomcat-10.1.7\apache-tomcat-10.1.7\bin;D:\Program files\apache-tomcat-9.0.24-windows-x64\apache-tomcat-9.0.24\bin;C:\Program Files\Azure Data Studio\bin;C:\Program Files (x86)\Microsoft SQL Server\150\Tools\Binn\;C:\Program Files\Microsoft SQL Server\150\Tools\Binn\;C:\Program Files (x86)\Microsoft SQL Server\150\DTS\Binn\;C:\Program Files\Microsoft SQL Server\150\DTS\Binn\;C:\Program Files\Microsoft SQL Server\Client SDK\ODBC\170\Tools\Binn\;D:\Program files\Git\cmd;C:\Program Files\Bandizip\;D:\Program files\nodejs\nodejs18.12.1;C:\Program Files\Asiainfo Security\AisEsmAgent\atom_plugins\base_plugin;D:\Program files\Python\Scripts\;D:\Program files\Python\;C:\Users\16892\AppData\Local\Microsoft\WindowsApps;D:\Desktop\modelsim_ase\win32aloem;D:\Program files\mysql-8.0.11-winx64\bin;C:\Program Files\Azure Data Studio\bin;D:\Program files\apache-tomcat-8.5.91-windows-x64\apache-tomcat-8.5.91\apache-tomcat-8.5.91\bin;D:\Program files\apache-maven-3.8.8-bin\apache-maven-3.8.8\bin;D:\Program files\jdk\jdk1.8.0_261\bin;D:\Program Files\IntelliJ IDEA 2021.2.1\bin;;D:\Program files\nodejs\nodejs18.12.1\node_global;;."/>
    <property name="java.vm.info" value="mixed mode, sharing"/>
    <property name="java.vendor" value="Oracle Corporation"/>
    <property name="java.vm.version" value="18.0.2.1+1-1"/>
    <property name="sun.io.unicode.encoding" value="UnicodeLittle"/>
    <property name="maven.repo.local" value="D:\Program files\maven-repository"/>
    <property name="java.class.version" value="62.0"/>
  </properties>
  <testcase name="test1" classname="Test" time="0.353"/>
</testsuite>